[103;30mDescription Hash[0m: [102;30m0dcb6429ae6cef0b3bb2521520421f7d[0m
[103;30mTerminal[0m:
===== ========== ========= ======== ====
Epoch Train Loss Train Acc Test Acc Flag
----- ---------- --------- -------- ----
    0   2.302928  0.064000 0.059800    *
    1   2.293356  0.337333 0.344400    *
    2   2.285523  0.379167 0.388100    *
    3   2.277251  0.383833 0.394900    *
    4   2.267971  0.381600 0.392600     
    5   2.257313  0.378950 0.389200     
    6   2.244706  0.379917 0.388400     
    7   2.229429  0.379317 0.385600     
    8   2.210849  0.376850 0.382100     
    9   2.188166  0.374133 0.378300     
   10   2.160182  0.372167 0.375500     
   11   2.125577  0.371817 0.374900     
   12   2.082664  0.371133 0.373900     
   13   2.030828  0.372000 0.375100     
   14   1.972166  0.376183 0.379800     
   15   1.908967  0.382017 0.385300     
   16   1.844751  0.389550 0.394600    *
   17   1.783137  0.398750 0.401700    *
   18   1.726494  0.408617 0.413500    *
   19   1.675522  0.420167 0.427200    *
   20   1.629952  0.432400 0.441100    *
   21   1.589345  0.445683 0.454000    *
   22   1.552919  0.460317 0.468800    *
   23   1.519642  0.474883 0.484200    *
   24   1.488637  0.488600 0.499300    *
   25   1.459234  0.501500 0.511300    *
   26   1.430763  0.513467 0.524400    *
   27   1.402806  0.524417 0.533100    *
   28   1.375081  0.534567 0.543900    *
   29   1.347622  0.544100 0.554400    *
   30   1.320573  0.553667 0.563700    *
   31   1.294212  0.563017 0.570600    *
   32   1.268752  0.570800 0.581200    *
   33   1.244451  0.578617 0.589400    *
   34   1.221365  0.584533 0.596600    *
   35   1.199596  0.591150 0.602900    *
   36   1.179097  0.597883 0.610300    *
   37   1.159838  0.604233 0.615500    *
   38   1.141751  0.610517 0.620200    *
   39   1.124800  0.615750 0.626000    *
   40   1.108787  0.621050 0.632800    *
   41   1.093758  0.625667 0.639700    *
   42   1.079548  0.630400 0.644500    *
   43   1.066130  0.635000 0.648800    *
   44   1.053475  0.639217 0.652300    *
   45   1.041493  0.643267 0.656200    *
   46   1.030182  0.647283 0.660200    *
   47   1.019454  0.650950 0.664900    *
   48   1.009321  0.654150 0.667100    *
   49   0.999709  0.657300 0.671700    *
   50   0.990640  0.660150 0.675600    *
   51   0.982018  0.662833 0.677300    *
   52   0.973851  0.665767 0.679100    *
   53   0.966085  0.667967 0.681600    *
   54   0.958693  0.670517 0.684300    *
   55   0.951629  0.672833 0.686300    *
   56   0.944883  0.675400 0.688300    *
   57   0.938423  0.678383 0.690100    *
   58   0.932243  0.680450 0.692400    *
   59   0.926315  0.682050 0.694700    *
   60   0.920582  0.683917 0.695600    *
   61   0.915057  0.685633 0.695900    *
   62   0.909712  0.687100 0.697800    *
   63   0.904534  0.689083 0.698500    *
   64   0.899519  0.690667 0.700100    *
   65   0.894661  0.692300 0.701600    *
   66   0.889944  0.694167 0.702600    *
   67   0.885358  0.695800 0.703700    *
   68   0.880895  0.697683 0.704100    *
   69   0.876540  0.699167 0.705300    *
   70   0.872292  0.700617 0.706600    *
   71   0.868158  0.701717 0.707900    *
   72   0.864115  0.702717 0.709600    *
   73   0.860162  0.704100 0.710800    *
   74   0.856299  0.704900 0.711700    *
   75   0.852524  0.705917 0.713000    *
   76   0.848848  0.707033 0.713500    *
   77   0.845248  0.708517 0.715700    *
   78   0.841722  0.709833 0.717200    *
   79   0.838267  0.711233 0.717400    *
   80   0.834892  0.712367 0.717800    *
   81   0.831592  0.713483 0.719300    *
   82   0.828361  0.714833 0.720300    *
   83   0.825193  0.715767 0.721400    *
   84   0.822092  0.717167 0.722000    *
   85   0.819058  0.717900 0.723900    *
   86   0.816087  0.719083 0.725300    *
   87   0.813181  0.719667 0.725500    *
   88   0.810339  0.720317 0.725700    *
   89   0.807554  0.721350 0.726700    *
   90   0.804828  0.722300 0.727600    *
   91   0.802159  0.723300 0.728400    *
   92   0.799541  0.724150 0.729300    *
   93   0.796968  0.724900 0.729900    *
   94   0.794450  0.725667 0.730100    *
   95   0.791969  0.726467 0.731000    *
   96   0.789544  0.727283 0.732000    *
   97   0.787153  0.728333 0.732100    *
   98   0.784799  0.729117 0.732500    *
   99   0.782494  0.729967 0.732700    *
  100   0.780241  0.730800 0.733000    *
----- ---------- --------- -------- ----
Train Loss: 0.780241
 Train Acc: 0.730800
  Test Acc: 0.733000
[103;30mDescription Hash[0m: [102;30m529790229ceb550e29c010d59627f157[0m
[103;30mTerminal[0m:
===== ========== ========= ======== ====
Epoch Train Loss Train Acc Test Acc Flag
----- ---------- --------- -------- ----
    0   2.302136  0.096350 0.106000    *
    1   2.097164  0.672817 0.678200    *
    2   1.377042  0.758217 0.769800    *
    3   0.700487  0.849867 0.857200    *
    4   0.484371  0.878150 0.883300    *
    5   0.396672  0.892850 0.901500    *
    6   0.347868  0.903433 0.910800    *
    7   0.315212  0.910917 0.916800    *
    8   0.290872  0.916917 0.923400    *
    9   0.271351  0.922200 0.928600    *
   10   0.255081  0.926200 0.932300    *
   11   0.241054  0.930100 0.935600    *
   12   0.228745  0.933300 0.938700    *
   13   0.217808  0.936317 0.942200    *
   14   0.208041  0.939350 0.943800    *
   15   0.199193  0.941867 0.945800    *
   16   0.191135  0.944133 0.946800    *
   17   0.183724  0.946667 0.948300    *
   18   0.176915  0.948267 0.950200    *
   19   0.170557  0.950000 0.952000    *
   20   0.164676  0.951467 0.954300    *
   21   0.159265  0.953167 0.955800    *
   22   0.154195  0.954533 0.957100    *
   23   0.149429  0.956133 0.958400    *
   24   0.144916  0.957183 0.959800    *
   25   0.140730  0.958467 0.960100    *
   26   0.136757  0.959783 0.960900    *
   27   0.133018  0.960900 0.962000    *
   28   0.129510  0.961967 0.963000    *
   29   0.126203  0.962900 0.963600    *
   30   0.123001  0.964100 0.964900    *
   31   0.119991  0.965117 0.965900    *
   32   0.117120  0.966250 0.966600    *
   33   0.114365  0.967033 0.967200    *
   34   0.111761  0.967917 0.967900    *
   35   0.109280  0.968517 0.968900    *
   36   0.106901  0.969250 0.969300    *
   37   0.104643  0.969850 0.970000    *
   38   0.102476  0.970450 0.970700    *
   39   0.100381  0.971133 0.970900    *
   40   0.098388  0.971750 0.971700    *
   41   0.096473  0.972133 0.972400    *
   42   0.094626  0.972650 0.972800    *
   43   0.092871  0.973017 0.973200    *
   44   0.091163  0.973533 0.973200    *
   45   0.089519  0.973983 0.973500    *
   46   0.087931  0.974467 0.973900    *
   47   0.086396  0.974967 0.974500    *
   48   0.084928  0.975350 0.974800    *
   49   0.083509  0.975717 0.975200    *
   50   0.082128  0.976150 0.975300    *
   51   0.080790  0.976400 0.975700    *
   52   0.079489  0.976700 0.975900    *
   53   0.078236  0.977133 0.976000    *
   54   0.077011  0.977433 0.976400    *
   55   0.075823  0.977800 0.976500    *
   56   0.074664  0.978250 0.976700    *
   57   0.073551  0.978450 0.976700    *
   58   0.072473  0.978967 0.977000    *
   59   0.071413  0.979350 0.977100    *
   60   0.070394  0.979633 0.977600    *
   61   0.069393  0.979933 0.977700    *
   62   0.068406  0.980200 0.977600    *
   63   0.067446  0.980533 0.978000    *
   64   0.066517  0.980733 0.978300    *
   65   0.065625  0.980983 0.978400    *
   66   0.064721  0.981267 0.978700    *
   67   0.063863  0.981483 0.978900    *
   68   0.063013  0.981783 0.979500    *
   69   0.062207  0.982017 0.979300    *
   70   0.061399  0.982150 0.979500    *
   71   0.060615  0.982400 0.979600    *
   72   0.059846  0.982650 0.979700    *
   73   0.059091  0.982783 0.979700    *
   74   0.058356  0.983133 0.980100    *
   75   0.057637  0.983350 0.980100    *
   76   0.056938  0.983567 0.980400    *
   77   0.056257  0.983750 0.980800    *
   78   0.055590  0.983950 0.980900    *
   79   0.054934  0.984083 0.981100    *
   80   0.054300  0.984317 0.981200    *
   81   0.053664  0.984467 0.981500    *
   82   0.053050  0.984700 0.981700    *
   83   0.052450  0.984967 0.981700    *
   84   0.051857  0.985267 0.981800    *
   85   0.051279  0.985483 0.981900    *
   86   0.050712  0.985550 0.982100    *
   87   0.050145  0.985683 0.982300    *
   88   0.049592  0.985833 0.982700    *
   89   0.049042  0.985933 0.982800    *
   90   0.048513  0.986117 0.982900    *
   91   0.047990  0.986233 0.983200    *
   92   0.047470  0.986383 0.983300    *
   93   0.046954  0.986617 0.983300    *
   94   0.046466  0.986700 0.983400    *
   95   0.045966  0.986800 0.983400    *
   96   0.045494  0.987000 0.983700    *
   97   0.045035  0.987167 0.983700    *
   98   0.044576  0.987317 0.983900    *
   99   0.044130  0.987433 0.984000    *
  100   0.043694  0.987650 0.984200    *
----- ---------- --------- -------- ----
Train Loss: 0.043694
 Train Acc: 0.987650
  Test Acc: 0.984200
