[103;30mDescription Hash[0m: [102;30m0dcb6429ae6cef0b3bb2521520421f7d[0m
[103;30mTerminal[0m:
===== ========== ========= ======== ====
Epoch Train Loss Train Acc Test Acc Flag
----- ---------- --------- -------- ----
    0   2.302928  0.063983 0.059800    *
    1   2.293348  0.337183 0.343800    *
    2   2.285524  0.377333 0.385200    *
    3   2.277218  0.378483 0.389700    *
    4   2.267876  0.379067 0.389300    *
    5   2.257175  0.378283 0.387100     
    6   2.244643  0.378883 0.387000     
    7   2.229442  0.379033 0.386200     
    8   2.210848  0.375900 0.382000     
    9   2.188069  0.372217 0.375500     
   10   2.160016  0.370017 0.371400     
   11   2.125375  0.369317 0.371400     
   12   2.082964  0.370600 0.373000     
   13   2.032322  0.372533 0.374400     
   14   1.974532  0.375917 0.380600     
   15   1.911854  0.381983 0.385600    *
   16   1.848237  0.388750 0.395500    *
   17   1.787216  0.397250 0.402700    *
   18   1.731079  0.407433 0.413900    *
   19   1.680553  0.418217 0.425700    *
   20   1.635393  0.430367 0.439400    *
   21   1.594946  0.443283 0.451600    *
   22   1.558593  0.457183 0.466900    *
   23   1.525437  0.470817 0.479600    *
   24   1.494589  0.483900 0.493700    *
   25   1.465160  0.497183 0.506200    *
   26   1.436698  0.509483 0.519500    *
   27   1.408722  0.521267 0.530500    *
   28   1.381101  0.531450 0.540000    *
   29   1.353764  0.540900 0.549700    *
   30   1.326777  0.550550 0.560800    *
   31   1.300297  0.559367 0.568700    *
   32   1.274641  0.567367 0.578100    *
   33   1.250023  0.575683 0.587500    *
   34   1.226355  0.582817 0.597000    *
   35   1.204147  0.589417 0.600700    *
   36   1.183354  0.595533 0.609100    *
   37   1.163788  0.601933 0.614100    *
   38   1.145478  0.608383 0.619700    *
   39   1.128267  0.614383 0.626000    *
   40   1.112124  0.620283 0.631800    *
   41   1.096922  0.624650 0.638100    *
   42   1.082563  0.629133 0.642900    *
   43   1.069000  0.633483 0.647600    *
   44   1.056204  0.637717 0.651200    *
   45   1.044050  0.641967 0.655600    *
   46   1.032577  0.646333 0.659300    *
   47   1.021680  0.650167 0.663300    *
   48   1.011371  0.653417 0.667100    *
   49   1.001629  0.656900 0.671200    *
   50   0.992384  0.659867 0.674700    *
----- ---------- --------- -------- ----
Train Loss: 0.992384
 Train Acc: 0.659867
  Test Acc: 0.674700
