[103;30mDescription Hash[0m: [102;30mdedd92db375407301a07f4b4bb9c03e8[0m
[103;30mTerminal[0m:
===== ========== ========= ======== ====
Epoch Train Loss Train Acc Test Acc Flag
----- ---------- --------- -------- ----
    0   2.332572  0.110883 0.105800    *
    1   1.929143  0.580283 0.588800    *
    2   1.513823  0.708667 0.717500    *
    3   1.161886  0.763867 0.778000    *
    4   0.928245  0.803233 0.813100    *
    5   0.781182  0.826317 0.835800    *
    6   0.684513  0.840083 0.851100    *
    7   0.617086  0.850550 0.861000    *
    8   0.567527  0.857783 0.870800    *
    9   0.529594  0.864633 0.877400    *
   10   0.499549  0.870633 0.881000    *
   11   0.475109  0.875033 0.884900    *
   12   0.454801  0.879367 0.889000    *
   13   0.437605  0.883167 0.891800    *
   14   0.422827  0.886117 0.895000    *
   15   0.409973  0.888867 0.897800    *
   16   0.398660  0.891217 0.900300    *
   17   0.388611  0.893650 0.903200    *
   18   0.379599  0.895700 0.904700    *
   19   0.371457  0.897533 0.906500    *
   20   0.364055  0.899033 0.907800    *
   21   0.357283  0.900467 0.908700    *
   22   0.351044  0.902200 0.909300    *
   23   0.345264  0.903750 0.910300    *
   24   0.339892  0.905267 0.911000    *
   25   0.334873  0.906517 0.912300    *
   26   0.330170  0.907650 0.913800    *
   27   0.325742  0.908717 0.915100    *
   28   0.321560  0.909833 0.915400    *
   29   0.317602  0.910767 0.916500    *
   30   0.313841  0.911617 0.917500    *
   31   0.310259  0.912200 0.919000    *
   32   0.306841  0.913083 0.919900    *
   33   0.303570  0.914233 0.920500    *
   34   0.300432  0.915233 0.920800    *
   35   0.297416  0.916200 0.921500    *
   36   0.294513  0.917000 0.922100    *
   37   0.291713  0.917883 0.922800    *
   38   0.289008  0.918467 0.923300    *
   39   0.286395  0.919167 0.923800    *
   40   0.283866  0.919850 0.924400    *
   41   0.281413  0.920567 0.924800    *
   42   0.279032  0.921317 0.925200    *
   43   0.276717  0.921933 0.925400    *
   44   0.274464  0.922667 0.926000    *
   45   0.272270  0.923133 0.926500    *
   46   0.270132  0.923867 0.926500    *
   47   0.268045  0.924600 0.926900    *
   48   0.266007  0.925250 0.927600    *
   49   0.264014  0.925800 0.928000    *
   50   0.262065  0.926350 0.928900    *
----- ---------- --------- -------- ----
Train Loss: 0.262065
 Train Acc: 0.926350
  Test Acc: 0.928900

Creating flatness plot with real labels...

Generating flatness plot for Flatness Plot (Shuffled=False)...
Alpha = 0.00, Error = 89.42%
Alpha = 0.19, Error = 55.05%
Alpha = 0.38, Error = 21.02%
Alpha = 0.56, Error = 10.92%
Alpha = 0.75, Error = 8.12%
Alpha = 0.94, Error = 7.22%
Alpha = 1.12, Error = 7.17%
Alpha = 1.31, Error = 7.67%
Alpha = 1.50, Error = 8.71%

Creating flatness plot with shuffled labels...

Generating flatness plot for Flatness Plot (Shuffled=True)...
Alpha = 0.00, Error = 88.91%
Alpha = 0.19, Error = 55.58%
Alpha = 0.38, Error = 21.43%
Alpha = 0.56, Error = 11.58%
Alpha = 0.75, Error = 8.42%
Alpha = 0.94, Error = 7.45%
Alpha = 1.12, Error = 7.41%
Alpha = 1.31, Error = 7.88%
Alpha = 1.50, Error = 8.81%

To generate both flatness plots:
1. Run this script first without the --shuffle-label flag to get the real labels plot
2. Run it again with the --shuffle-label flag to get the shuffled labels plot
3. Compare the resulting plots to analyze differences in flatness
